[0.011s] Invoking command in '/home/skander/ros2_ws/build/lio_sam': CMAKE_PREFIX_PATH=${CMAKE_PREFIX_PATH}:/home/skander/slam_ws/install/slam_diagnostic:/home/skander/slam_ws/install/sim_utils:/home/skander/slam_ws/install/match_launch:/home/skander/slam_ws/install/match_control:/opt/ros/jazzy DEBUGINFOD_URLS=https://debuginfod.ubuntu.com /usr/bin/cmake --build /home/skander/ros2_ws/build/lio_sam -- -j8 -l8
[0.051s] [  1%] Built target lio_sam__rosidl_generator_type_description
[0.056s] [  1%] Built target ament_cmake_python_symlink_lio_sam
[0.063s] [  3%] Built target lio_sam__cpp
[0.065s] [ 19%] Built target lio_sam__rosidl_generator_c
[0.084s] [ 36%] Built target lio_sam__rosidl_typesupport_fastrtps_cpp
[0.085s] [ 50%] Built target lio_sam__rosidl_typesupport_introspection_c
[0.085s] [ 50%] Built target lio_sam__rosidl_typesupport_c
[0.085s] [ 50%] Built target lio_sam__rosidl_typesupport_cpp
[0.085s] [ 57%] Built target lio_sam__rosidl_typesupport_introspection_cpp
[0.085s] [ 65%] Built target lio_sam__rosidl_typesupport_fastrtps_c
[0.116s] [ 73%] Built target lio_sam_featureExtraction
[0.116s] [ 73%] Built target lio_sam_imageProjection
[0.129s] [ 76%] Built target lio_sam
[0.129s] [ 80%] Built target lio_sam_mapOptimization
[0.129s] [ 80%] Built target lio_sam_imuPreintegration
[0.142s] [ 82%] Built target lio_sam__py
[0.157s] [ 88%] Built target lio_sam__rosidl_generator_py
[0.171s] [100%] Built target lio_sam_s__rosidl_typesupport_fastrtps_c
[0.171s] [100%] Built target lio_sam_s__rosidl_typesupport_introspection_c
[0.171s] [100%] Built target lio_sam_s__rosidl_typesupport_c
[0.239s] running egg_info
[0.255s] writing lio_sam.egg-info/PKG-INFO
[0.255s] writing dependency_links to lio_sam.egg-info/dependency_links.txt
[0.255s] writing top-level names to lio_sam.egg-info/top_level.txt
[0.303s] reading manifest file 'lio_sam.egg-info/SOURCES.txt'
[0.303s] writing manifest file 'lio_sam.egg-info/SOURCES.txt'
[0.322s] [100%] Built target ament_cmake_python_build_lio_sam_egg
[0.330s] Invoked command in '/home/skander/ros2_ws/build/lio_sam' returned '0': CMAKE_PREFIX_PATH=${CMAKE_PREFIX_PATH}:/home/skander/slam_ws/install/slam_diagnostic:/home/skander/slam_ws/install/sim_utils:/home/skander/slam_ws/install/match_launch:/home/skander/slam_ws/install/match_control:/opt/ros/jazzy DEBUGINFOD_URLS=https://debuginfod.ubuntu.com /usr/bin/cmake --build /home/skander/ros2_ws/build/lio_sam -- -j8 -l8
[0.337s] Invoking command in '/home/skander/ros2_ws/build/lio_sam': CMAKE_PREFIX_PATH=${CMAKE_PREFIX_PATH}:/home/skander/slam_ws/install/slam_diagnostic:/home/skander/slam_ws/install/sim_utils:/home/skander/slam_ws/install/match_launch:/home/skander/slam_ws/install/match_control:/opt/ros/jazzy DEBUGINFOD_URLS=https://debuginfod.ubuntu.com /usr/bin/cmake --install /home/skander/ros2_ws/build/lio_sam
[0.342s] -- Install configuration: "Release"
[0.342s] -- Execute custom install script
[0.343s] -- Up-to-date symlink: /home/skander/ros2_ws/install/lio_sam/share/ament_index/resource_index/rosidl_interfaces/lio_sam
[0.343s] -- Up-to-date symlink: /home/skander/ros2_ws/install/lio_sam/share/lio_sam/msg/CloudInfo.json
[0.343s] -- Up-to-date symlink: /home/skander/ros2_ws/install/lio_sam/share/lio_sam/srv/SaveMap.json
[0.344s] -- Up-to-date symlink: /home/skander/ros2_ws/install/lio_sam/include/lio_sam/lio_sam/msg/cloud_info.h
[0.344s] -- Up-to-date symlink: /home/skander/ros2_ws/install/lio_sam/include/lio_sam/lio_sam/msg/detail/cloud_info__functions.h
[0.344s] -- Up-to-date symlink: /home/skander/ros2_ws/install/lio_sam/include/lio_sam/lio_sam/msg/detail/cloud_info__struct.h
[0.344s] -- Up-to-date symlink: /home/skander/ros2_ws/install/lio_sam/include/lio_sam/lio_sam/msg/detail/cloud_info__type_support.h
[0.344s] -- Up-to-date symlink: /home/skander/ros2_ws/install/lio_sam/include/lio_sam/lio_sam/msg/rosidl_generator_c__visibility_control.h
[0.345s] -- Up-to-date symlink: /home/skander/ros2_ws/install/lio_sam/include/lio_sam/lio_sam/srv/detail/save_map__functions.h
[0.345s] -- Up-to-date symlink: /home/skander/ros2_ws/install/lio_sam/include/lio_sam/lio_sam/srv/detail/save_map__struct.h
[0.345s] -- Up-to-date symlink: /home/skander/ros2_ws/install/lio_sam/include/lio_sam/lio_sam/srv/detail/save_map__type_support.h
[0.345s] -- Up-to-date symlink: /home/skander/ros2_ws/install/lio_sam/include/lio_sam/lio_sam/srv/save_map.h
[0.345s] -- Up-to-date symlink: /home/skander/ros2_ws/install/lio_sam/share/lio_sam/environment/library_path.sh
[0.345s] -- Up-to-date symlink: /home/skander/ros2_ws/install/lio_sam/share/lio_sam/environment/library_path.dsv
[0.346s] -- Up-to-date symlink: /home/skander/ros2_ws/install/lio_sam/include/lio_sam/lio_sam/msg/detail/cloud_info__rosidl_typesupport_fastrtps_c.h
[0.346s] -- Up-to-date symlink: /home/skander/ros2_ws/install/lio_sam/include/lio_sam/lio_sam/msg/rosidl_typesupport_fastrtps_c__visibility_control.h
[0.346s] -- Up-to-date symlink: /home/skander/ros2_ws/install/lio_sam/include/lio_sam/lio_sam/srv/detail/save_map__rosidl_typesupport_fastrtps_c.h
[0.346s] -- Up-to-date symlink: /home/skander/ros2_ws/install/lio_sam/include/lio_sam/lio_sam/msg/detail/cloud_info__rosidl_typesupport_introspection_c.h
[0.347s] -- Up-to-date symlink: /home/skander/ros2_ws/install/lio_sam/include/lio_sam/lio_sam/msg/rosidl_typesupport_introspection_c__visibility_control.h
[0.347s] -- Up-to-date symlink: /home/skander/ros2_ws/install/lio_sam/include/lio_sam/lio_sam/srv/detail/save_map__rosidl_typesupport_introspection_c.h
[0.348s] -- Up-to-date symlink: /home/skander/ros2_ws/install/lio_sam/include/lio_sam/lio_sam/msg/cloud_info.hpp
[0.348s] -- Up-to-date symlink: /home/skander/ros2_ws/install/lio_sam/include/lio_sam/lio_sam/msg/detail/cloud_info__builder.hpp
[0.348s] -- Up-to-date symlink: /home/skander/ros2_ws/install/lio_sam/include/lio_sam/lio_sam/msg/detail/cloud_info__struct.hpp
[0.348s] -- Up-to-date symlink: /home/skander/ros2_ws/install/lio_sam/include/lio_sam/lio_sam/msg/detail/cloud_info__traits.hpp
[0.348s] -- Up-to-date symlink: /home/skander/ros2_ws/install/lio_sam/include/lio_sam/lio_sam/msg/detail/cloud_info__type_support.hpp
[0.348s] -- Up-to-date symlink: /home/skander/ros2_ws/install/lio_sam/include/lio_sam/lio_sam/msg/rosidl_generator_cpp__visibility_control.hpp
[0.348s] -- Up-to-date symlink: /home/skander/ros2_ws/install/lio_sam/include/lio_sam/lio_sam/srv/detail/save_map__builder.hpp
[0.348s] -- Up-to-date symlink: /home/skander/ros2_ws/install/lio_sam/include/lio_sam/lio_sam/srv/detail/save_map__struct.hpp
[0.348s] -- Up-to-date symlink: /home/skander/ros2_ws/install/lio_sam/include/lio_sam/lio_sam/srv/detail/save_map__traits.hpp
[0.348s] -- Up-to-date symlink: /home/skander/ros2_ws/install/lio_sam/include/lio_sam/lio_sam/srv/detail/save_map__type_support.hpp
[0.348s] -- Up-to-date symlink: /home/skander/ros2_ws/install/lio_sam/include/lio_sam/lio_sam/srv/save_map.hpp
[0.349s] -- Up-to-date symlink: /home/skander/ros2_ws/install/lio_sam/include/lio_sam/lio_sam/msg/detail/cloud_info__rosidl_typesupport_fastrtps_cpp.hpp
[0.349s] -- Up-to-date symlink: /home/skander/ros2_ws/install/lio_sam/include/lio_sam/lio_sam/msg/rosidl_typesupport_fastrtps_cpp__visibility_control.h
[0.349s] -- Up-to-date symlink: /home/skander/ros2_ws/install/lio_sam/include/lio_sam/lio_sam/srv/detail/save_map__rosidl_typesupport_fastrtps_cpp.hpp
[0.350s] -- Up-to-date symlink: /home/skander/ros2_ws/install/lio_sam/include/lio_sam/lio_sam/msg/detail/cloud_info__rosidl_typesupport_introspection_cpp.hpp
[0.350s] -- Up-to-date symlink: /home/skander/ros2_ws/install/lio_sam/include/lio_sam/lio_sam/srv/detail/save_map__rosidl_typesupport_introspection_cpp.hpp
[0.350s] -- Up-to-date symlink: /home/skander/ros2_ws/install/lio_sam/share/lio_sam/environment/pythonpath.sh
[0.350s] -- Up-to-date symlink: /home/skander/ros2_ws/install/lio_sam/share/lio_sam/environment/pythonpath.dsv
[0.350s] -- Up-to-date symlink: /home/skander/ros2_ws/install/lio_sam/lib/python3.12/site-packages/lio_sam-1.0.0-py3.12.egg-info/PKG-INFO
[0.350s] -- Up-to-date symlink: /home/skander/ros2_ws/install/lio_sam/lib/python3.12/site-packages/lio_sam-1.0.0-py3.12.egg-info/SOURCES.txt
[0.350s] -- Up-to-date symlink: /home/skander/ros2_ws/install/lio_sam/lib/python3.12/site-packages/lio_sam-1.0.0-py3.12.egg-info/dependency_links.txt
[0.350s] -- Up-to-date symlink: /home/skander/ros2_ws/install/lio_sam/lib/python3.12/site-packages/lio_sam-1.0.0-py3.12.egg-info/top_level.txt
[0.351s] -- Up-to-date symlink: /home/skander/ros2_ws/install/lio_sam/lib/python3.12/site-packages/lio_sam/__init__.py
[0.351s] -- Up-to-date symlink: /home/skander/ros2_ws/install/lio_sam/lib/python3.12/site-packages/lio_sam/_lio_sam_s.ep.rosidl_typesupport_c.c
[0.351s] -- Up-to-date symlink: /home/skander/ros2_ws/install/lio_sam/lib/python3.12/site-packages/lio_sam/_lio_sam_s.ep.rosidl_typesupport_fastrtps_c.c
[0.351s] -- Up-to-date symlink: /home/skander/ros2_ws/install/lio_sam/lib/python3.12/site-packages/lio_sam/_lio_sam_s.ep.rosidl_typesupport_introspection_c.c
[0.351s] -- Up-to-date symlink: /home/skander/ros2_ws/install/lio_sam/lib/python3.12/site-packages/lio_sam/lio_sam_s__rosidl_typesupport_c.so
[0.351s] -- Up-to-date symlink: /home/skander/ros2_ws/install/lio_sam/lib/python3.12/site-packages/lio_sam/lio_sam_s__rosidl_typesupport_fastrtps_c.so
[0.351s] -- Up-to-date symlink: /home/skander/ros2_ws/install/lio_sam/lib/python3.12/site-packages/lio_sam/lio_sam_s__rosidl_typesupport_introspection_c.so
[0.351s] -- Up-to-date symlink: /home/skander/ros2_ws/install/lio_sam/lib/python3.12/site-packages/lio_sam/msg/__init__.py
[0.351s] -- Up-to-date symlink: /home/skander/ros2_ws/install/lio_sam/lib/python3.12/site-packages/lio_sam/msg/_cloud_info.py
[0.351s] -- Up-to-date symlink: /home/skander/ros2_ws/install/lio_sam/lib/python3.12/site-packages/lio_sam/msg/_cloud_info_s.c
[0.351s] -- Up-to-date symlink: /home/skander/ros2_ws/install/lio_sam/lib/python3.12/site-packages/lio_sam/srv/__init__.py
[0.351s] -- Up-to-date symlink: /home/skander/ros2_ws/install/lio_sam/lib/python3.12/site-packages/lio_sam/srv/_save_map.py
[0.351s] -- Up-to-date symlink: /home/skander/ros2_ws/install/lio_sam/lib/python3.12/site-packages/lio_sam/srv/_save_map_s.c
[0.352s] -- Up-to-date symlink: /home/skander/ros2_ws/install/lio_sam/lib/python3.12/site-packages/lio_sam/lio_sam_s__rosidl_typesupport_fastrtps_c.so
[0.352s] -- Up-to-date symlink: /home/skander/ros2_ws/install/lio_sam/lib/python3.12/site-packages/lio_sam/lio_sam_s__rosidl_typesupport_introspection_c.so
[0.352s] -- Up-to-date symlink: /home/skander/ros2_ws/install/lio_sam/lib/python3.12/site-packages/lio_sam/lio_sam_s__rosidl_typesupport_c.so
[0.352s] -- Up-to-date symlink: /home/skander/ros2_ws/install/lio_sam/share/lio_sam/msg/CloudInfo.idl
[0.352s] -- Up-to-date symlink: /home/skander/ros2_ws/install/lio_sam/share/lio_sam/srv/SaveMap.idl
[0.352s] -- Up-to-date symlink: /home/skander/ros2_ws/install/lio_sam/share/lio_sam/msg/CloudInfo.msg
[0.352s] -- Up-to-date symlink: /home/skander/ros2_ws/install/lio_sam/share/lio_sam/srv/SaveMap.srv
[0.352s] -- Up-to-date symlink: /home/skander/ros2_ws/install/lio_sam/share/lio_sam//launch/mapping_livox_sim.launch.py
[0.352s] -- Up-to-date symlink: /home/skander/ros2_ws/install/lio_sam/share/lio_sam//launch/run.launch.py
[0.353s] -- Up-to-date symlink: /home/skander/ros2_ws/install/lio_sam/share/lio_sam//config/doc/demo.gif
[0.353s] -- Up-to-date symlink: /home/skander/ros2_ws/install/lio_sam/share/lio_sam//config/doc/device-boat.png
[0.353s] -- Up-to-date symlink: /home/skander/ros2_ws/install/lio_sam/share/lio_sam//config/doc/device-hand-2.png
[0.353s] -- Up-to-date symlink: /home/skander/ros2_ws/install/lio_sam/share/lio_sam//config/doc/device-hand.png
[0.353s] -- Up-to-date symlink: /home/skander/ros2_ws/install/lio_sam/share/lio_sam//config/doc/device-jackal.png
[0.353s] -- Up-to-date symlink: /home/skander/ros2_ws/install/lio_sam/share/lio_sam//config/doc/gps-demo.gif
[0.353s] -- Up-to-date symlink: /home/skander/ros2_ws/install/lio_sam/share/lio_sam//config/doc/imu-debug.gif
[0.353s] -- Up-to-date symlink: /home/skander/ros2_ws/install/lio_sam/share/lio_sam//config/doc/imu-transform.png
[0.353s] -- Up-to-date symlink: /home/skander/ros2_ws/install/lio_sam/share/lio_sam//config/doc/kitti-demo.gif
[0.353s] -- Up-to-date symlink: /home/skander/ros2_ws/install/lio_sam/share/lio_sam//config/doc/kitti-map.png
[0.353s] -- Up-to-date symlink: /home/skander/ros2_ws/install/lio_sam/share/lio_sam//config/doc/kitti2bag/README.md
[0.353s] -- Up-to-date symlink: /home/skander/ros2_ws/install/lio_sam/share/lio_sam//config/doc/kitti2bag/kitti2bag.py
[0.353s] -- Up-to-date symlink: /home/skander/ros2_ws/install/lio_sam/share/lio_sam//config/doc/loop-closure-2.gif
[0.354s] -- Up-to-date symlink: /home/skander/ros2_ws/install/lio_sam/share/lio_sam//config/doc/loop-closure.gif
[0.354s] -- Up-to-date symlink: /home/skander/ros2_ws/install/lio_sam/share/lio_sam//config/doc/ouster-demo.gif
[0.354s] -- Up-to-date symlink: /home/skander/ros2_ws/install/lio_sam/share/lio_sam//config/doc/ouster-device.jpg
[0.354s] -- Up-to-date symlink: /home/skander/ros2_ws/install/lio_sam/share/lio_sam//config/doc/paper.pdf
[0.354s] -- Up-to-date symlink: /home/skander/ros2_ws/install/lio_sam/share/lio_sam//config/doc/system.png
[0.354s] -- Up-to-date symlink: /home/skander/ros2_ws/install/lio_sam/share/lio_sam//config/lio_sam_sim_config.rviz
[0.354s] -- Up-to-date symlink: /home/skander/ros2_ws/install/lio_sam/share/lio_sam//config/params.yaml
[0.354s] -- Up-to-date symlink: /home/skander/ros2_ws/install/lio_sam/share/lio_sam//config/params_livox_sim.yaml
[0.354s] -- Up-to-date symlink: /home/skander/ros2_ws/install/lio_sam/share/lio_sam//config/robot.urdf.xacro
[0.354s] -- Up-to-date symlink: /home/skander/ros2_ws/install/lio_sam/share/lio_sam//config/rviz2.rviz
[0.354s] -- Up-to-date symlink: /home/skander/ros2_ws/install/lio_sam/lib/lio_sam/lio_sam_featureExtraction
[0.354s] -- Up-to-date symlink: /home/skander/ros2_ws/install/lio_sam/lib/lio_sam/lio_sam_imageProjection
[0.354s] -- Up-to-date symlink: /home/skander/ros2_ws/install/lio_sam/lib/lio_sam/lio_sam_imuPreintegration
[0.355s] -- Up-to-date symlink: /home/skander/ros2_ws/install/lio_sam/lib/lio_sam/lio_sam_mapOptimization
[0.355s] -- Up-to-date symlink: /home/skander/ros2_ws/install/lio_sam/include/lio_sam/utility.hpp
[0.355s] -- Up-to-date symlink: /home/skander/ros2_ws/install/lio_sam/share/ament_index/resource_index/package_run_dependencies/lio_sam
[0.355s] -- Up-to-date symlink: /home/skander/ros2_ws/install/lio_sam/share/ament_index/resource_index/parent_prefix_path/lio_sam
[0.355s] -- Up-to-date symlink: /home/skander/ros2_ws/install/lio_sam/share/lio_sam/environment/ament_prefix_path.sh
[0.355s] -- Up-to-date symlink: /home/skander/ros2_ws/install/lio_sam/share/lio_sam/environment/ament_prefix_path.dsv
[0.355s] -- Up-to-date symlink: /home/skander/ros2_ws/install/lio_sam/share/lio_sam/environment/path.sh
[0.355s] -- Up-to-date symlink: /home/skander/ros2_ws/install/lio_sam/share/lio_sam/environment/path.dsv
[0.356s] -- Up-to-date symlink: /home/skander/ros2_ws/install/lio_sam/share/lio_sam/local_setup.bash
[0.356s] -- Up-to-date symlink: /home/skander/ros2_ws/install/lio_sam/share/lio_sam/local_setup.sh
[0.356s] -- Up-to-date symlink: /home/skander/ros2_ws/install/lio_sam/share/lio_sam/local_setup.zsh
[0.356s] -- Up-to-date symlink: /home/skander/ros2_ws/install/lio_sam/share/lio_sam/local_setup.dsv
[0.356s] -- Symlinking: /home/skander/ros2_ws/install/lio_sam/share/lio_sam/package.dsv
[0.362s] -- Up-to-date symlink: /home/skander/ros2_ws/install/lio_sam/share/ament_index/resource_index/packages/lio_sam
[0.362s] -- Up-to-date symlink: /home/skander/ros2_ws/install/lio_sam/share/lio_sam/cmake/rosidl_cmake-extras.cmake
[0.362s] -- Up-to-date symlink: /home/skander/ros2_ws/install/lio_sam/share/lio_sam/cmake/ament_cmake_export_dependencies-extras.cmake
[0.362s] -- Up-to-date symlink: /home/skander/ros2_ws/install/lio_sam/share/lio_sam/cmake/ament_cmake_export_include_directories-extras.cmake
[0.362s] -- Up-to-date symlink: /home/skander/ros2_ws/install/lio_sam/share/lio_sam/cmake/ament_cmake_export_libraries-extras.cmake
[0.362s] -- Up-to-date symlink: /home/skander/ros2_ws/install/lio_sam/share/lio_sam/cmake/ament_cmake_export_targets-extras.cmake
[0.362s] -- Up-to-date symlink: /home/skander/ros2_ws/install/lio_sam/share/lio_sam/cmake/rosidl_cmake_export_typesupport_targets-extras.cmake
[0.362s] -- Up-to-date symlink: /home/skander/ros2_ws/install/lio_sam/share/lio_sam/cmake/rosidl_cmake_export_typesupport_libraries-extras.cmake
[0.362s] -- Up-to-date symlink: /home/skander/ros2_ws/install/lio_sam/share/lio_sam/cmake/lio_samConfig.cmake
[0.362s] -- Up-to-date symlink: /home/skander/ros2_ws/install/lio_sam/share/lio_sam/cmake/lio_samConfig-version.cmake
[0.362s] -- Up-to-date symlink: /home/skander/ros2_ws/install/lio_sam/share/lio_sam/package.xml
[0.363s] -- Up-to-date: /home/skander/ros2_ws/install/lio_sam/lib/liblio_sam__rosidl_generator_c.so
[0.363s] -- Up-to-date: /home/skander/ros2_ws/install/lio_sam/lib/liblio_sam__rosidl_typesupport_fastrtps_c.so
[0.363s] -- Up-to-date: /home/skander/ros2_ws/install/lio_sam/lib/liblio_sam__rosidl_typesupport_introspection_c.so
[0.363s] -- Up-to-date: /home/skander/ros2_ws/install/lio_sam/lib/liblio_sam__rosidl_typesupport_c.so
[0.363s] -- Up-to-date: /home/skander/ros2_ws/install/lio_sam/lib/liblio_sam__rosidl_typesupport_fastrtps_cpp.so
[0.364s] -- Up-to-date: /home/skander/ros2_ws/install/lio_sam/lib/liblio_sam__rosidl_typesupport_introspection_cpp.so
[0.364s] -- Up-to-date: /home/skander/ros2_ws/install/lio_sam/lib/liblio_sam__rosidl_typesupport_cpp.so
[0.391s] Listing '/home/skander/ros2_ws/install/lio_sam/lib/python3.12/site-packages/lio_sam'...
[0.391s] Listing '/home/skander/ros2_ws/install/lio_sam/lib/python3.12/site-packages/lio_sam/msg'...
[0.391s] Listing '/home/skander/ros2_ws/install/lio_sam/lib/python3.12/site-packages/lio_sam/srv'...
[0.394s] -- Up-to-date: /home/skander/ros2_ws/install/lio_sam/lib/liblio_sam__rosidl_generator_py.so
[0.394s] -- Up-to-date: /home/skander/ros2_ws/install/lio_sam/share/lio_sam/cmake/export_lio_sam__rosidl_generator_cExport.cmake
[0.395s] -- Up-to-date: /home/skander/ros2_ws/install/lio_sam/share/lio_sam/cmake/export_lio_sam__rosidl_generator_cExport-release.cmake
[0.395s] -- Up-to-date: /home/skander/ros2_ws/install/lio_sam/share/lio_sam/cmake/export_lio_sam__rosidl_typesupport_fastrtps_cExport.cmake
[0.395s] -- Up-to-date: /home/skander/ros2_ws/install/lio_sam/share/lio_sam/cmake/export_lio_sam__rosidl_typesupport_fastrtps_cExport-release.cmake
[0.395s] -- Up-to-date: /home/skander/ros2_ws/install/lio_sam/share/lio_sam/cmake/lio_sam__rosidl_typesupport_introspection_cExport.cmake
[0.395s] -- Up-to-date: /home/skander/ros2_ws/install/lio_sam/share/lio_sam/cmake/lio_sam__rosidl_typesupport_introspection_cExport-release.cmake
[0.395s] -- Up-to-date: /home/skander/ros2_ws/install/lio_sam/share/lio_sam/cmake/lio_sam__rosidl_typesupport_cExport.cmake
[0.395s] -- Up-to-date: /home/skander/ros2_ws/install/lio_sam/share/lio_sam/cmake/lio_sam__rosidl_typesupport_cExport-release.cmake
[0.395s] -- Up-to-date: /home/skander/ros2_ws/install/lio_sam/share/lio_sam/cmake/export_lio_sam__rosidl_generator_cppExport.cmake
[0.395s] -- Up-to-date: /home/skander/ros2_ws/install/lio_sam/share/lio_sam/cmake/export_lio_sam__rosidl_typesupport_fastrtps_cppExport.cmake
[0.395s] -- Up-to-date: /home/skander/ros2_ws/install/lio_sam/share/lio_sam/cmake/export_lio_sam__rosidl_typesupport_fastrtps_cppExport-release.cmake
[0.395s] -- Up-to-date: /home/skander/ros2_ws/install/lio_sam/share/lio_sam/cmake/lio_sam__rosidl_typesupport_introspection_cppExport.cmake
[0.395s] -- Up-to-date: /home/skander/ros2_ws/install/lio_sam/share/lio_sam/cmake/lio_sam__rosidl_typesupport_introspection_cppExport-release.cmake
[0.395s] -- Up-to-date: /home/skander/ros2_ws/install/lio_sam/share/lio_sam/cmake/lio_sam__rosidl_typesupport_cppExport.cmake
[0.395s] -- Up-to-date: /home/skander/ros2_ws/install/lio_sam/share/lio_sam/cmake/lio_sam__rosidl_typesupport_cppExport-release.cmake
[0.395s] -- Up-to-date: /home/skander/ros2_ws/install/lio_sam/share/lio_sam/cmake/export_lio_sam__rosidl_generator_pyExport.cmake
[0.395s] -- Up-to-date: /home/skander/ros2_ws/install/lio_sam/share/lio_sam/cmake/export_lio_sam__rosidl_generator_pyExport-release.cmake
[0.397s] Invoked command in '/home/skander/ros2_ws/build/lio_sam' returned '0': CMAKE_PREFIX_PATH=${CMAKE_PREFIX_PATH}:/home/skander/slam_ws/install/slam_diagnostic:/home/skander/slam_ws/install/sim_utils:/home/skander/slam_ws/install/match_launch:/home/skander/slam_ws/install/match_control:/opt/ros/jazzy DEBUGINFOD_URLS=https://debuginfod.ubuntu.com /usr/bin/cmake --install /home/skander/ros2_ws/build/lio_sam
