[0.009s] Invoking command in '/home/skander/ros2_ws/build/lio_sam': CMAKE_PREFIX_PATH=${CMAKE_PREFIX_PATH}:/home/skander/slam_ws/install/slam_diagnostic:/home/skander/slam_ws/install/sim_utils:/home/skander/slam_ws/install/match_launch:/home/skander/slam_ws/install/match_control:/opt/ros/jazzy DEBUGINFOD_URLS=https://debuginfod.ubuntu.com /usr/bin/cmake /home/skander/ros2_ws/src/LIO-SAM -DAMENT_CMAKE_SYMLINK_INSTALL=1 -DCMAKE_INSTALL_PREFIX=/home/skander/ros2_ws/install/lio_sam
[0.063s] -- The C compiler identification is GNU 13.3.0
[0.113s] -- The CXX compiler identification is GNU 13.3.0
[0.128s] -- Detecting C compiler ABI info
[0.210s] -- Detecting C compiler ABI info - done
[0.218s] -- Check for working C compiler: /usr/bin/cc - skipped
[0.218s] -- Detecting C compile features
[0.218s] -- Detecting C compile features - done
[0.226s] -- Detecting CXX compiler ABI info
[0.319s] -- Detecting CXX compiler ABI info - done
[0.326s] -- Check for working CXX compiler: /usr/bin/c++ - skipped
[0.326s] -- Detecting CXX compile features
[0.326s] -- Detecting CXX compile features - done
[0.329s] -- Found ament_cmake: 2.5.4 (/opt/ros/jazzy/share/ament_cmake/cmake)
[0.475s] -- Found Python3: /usr/bin/python3 (found version "3.12.3") found components: Interpreter 
[0.555s] -- Override CMake install command with custom implementation using symlinks instead of copying resources
[0.603s] -- Found rosidl_default_generators: 1.6.0 (/opt/ros/jazzy/share/rosidl_default_generators/cmake)
[0.613s] -- Using all available rosidl_typesupport_c: rosidl_typesupport_fastrtps_c;rosidl_typesupport_introspection_c
[0.677s] -- Using all available rosidl_typesupport_cpp: rosidl_typesupport_fastrtps_cpp;rosidl_typesupport_introspection_cpp
[0.718s] -- Found rosidl_adapter: 4.6.6 (/opt/ros/jazzy/share/rosidl_adapter/cmake)
[0.722s] -- Found rclcpp: 28.1.12 (/opt/ros/jazzy/share/rclcpp/cmake)
[0.792s] -- Found rmw_implementation_cmake: 7.3.2 (/opt/ros/jazzy/share/rmw_implementation_cmake/cmake)
[0.796s] -- Found rmw_fastrtps_cpp: 8.4.3 (/opt/ros/jazzy/share/rmw_fastrtps_cpp/cmake)
[0.870s] -- Found OpenSSL: /usr/lib/x86_64-linux-gnu/libcrypto.so (found version "3.0.13")  
[0.891s] -- Found FastRTPS: /opt/ros/jazzy/include (Required is at least version "2.13") 
[0.912s] -- Using RMW implementation 'rmw_fastrtps_cpp' as default
[0.979s] -- Found rclpy: 7.1.5 (/opt/ros/jazzy/share/rclpy/cmake)
[0.981s] -- Found std_msgs: 5.3.6 (/opt/ros/jazzy/share/std_msgs/cmake)
[0.994s] -- Found sensor_msgs: 5.3.6 (/opt/ros/jazzy/share/sensor_msgs/cmake)
[1.028s] -- Found nav_msgs: 5.3.6 (/opt/ros/jazzy/share/nav_msgs/cmake)
[1.050s] -- Found visualization_msgs: 5.3.6 (/opt/ros/jazzy/share/visualization_msgs/cmake)
[1.075s] -- Found tf2: 0.36.14 (/opt/ros/jazzy/share/tf2/cmake)
[1.079s] -- Found tf2_geometry_msgs: 0.36.14 (/opt/ros/jazzy/share/tf2_geometry_msgs/cmake)
[1.098s] -- Found eigen3_cmake_module: 0.3.0 (/opt/ros/jazzy/share/eigen3_cmake_module/cmake)
[1.099s] -- Found Eigen3: TRUE (found version "3.4.0") 
[1.099s] -- Ensuring Eigen3 include directory is part of orocos-kdl CMake target
[1.216s] -- Found tf2_sensor_msgs: 0.36.14 (/opt/ros/jazzy/share/tf2_sensor_msgs/cmake)
[1.222s] -- Found tf2_eigen: 0.36.14 (/opt/ros/jazzy/share/tf2_eigen/cmake)
[1.226s] -- Found cv_bridge: 4.1.0 (/opt/ros/jazzy/share/cv_bridge/cmake)
[1.238s] -- Found OpenCV: /usr (found version "4.6.0") 
[1.272s] -- Found Boost: /usr/lib/x86_64-linux-gnu/cmake/Boost-1.83.0/BoostConfig.cmake (found suitable version "1.83.0", minimum required is "1.65.0") found components: system filesystem iostreams serialization 
[1.273s] [33mCMake Warning (dev) at /usr/lib/x86_64-linux-gnu/cmake/pcl/Modules/FindFLANN.cmake:45 (find_package):
[1.273s]   Policy CMP0144 is not set: find_package uses upper-case <PACKAGENAME>_ROOT
[1.273s]   variables.  Run "cmake --help-policy CMP0144" for policy details.  Use the
[1.273s]   cmake_policy command to set the policy and suppress this warning.
[1.273s] 
[1.274s]   CMake variable FLANN_ROOT is set to:
[1.274s] 
[1.274s]     /usr
[1.274s] 
[1.274s]   For compatibility, find_package is ignoring the variable, but code in a
[1.274s]   .cmake module might still use it.
[1.274s] Call Stack (most recent call first):
[1.274s]   /usr/lib/x86_64-linux-gnu/cmake/pcl/PCLConfig.cmake:261 (find_package)
[1.274s]   /usr/lib/x86_64-linux-gnu/cmake/pcl/PCLConfig.cmake:306 (find_flann)
[1.274s]   /usr/lib/x86_64-linux-gnu/cmake/pcl/PCLConfig.cmake:570 (find_external_library)
[1.274s]   CMakeLists.txt:39 (find_package)
[1.274s] This warning is for project developers.  Use -Wno-dev to suppress it.
[1.274s] [0m
[1.274s] -- Found flann version 1.9.2
[1.521s] -- Found OpenMP_CXX: -fopenmp (found version "4.5") 
[1.521s] -- Found OpenMP: TRUE (found version "4.5") found components: CXX 
[1.549s] -- Performing Test CMAKE_HAVE_LIBC_PTHREAD
[1.618s] -- Performing Test CMAKE_HAVE_LIBC_PTHREAD - Success
[1.619s] -- Found Threads: TRUE  
[1.621s] -- Found GLEW: /usr/lib/x86_64-linux-gnu/libGLEW.so  
[1.628s] -- Found OpenGL: /usr/lib/x86_64-linux-gnu/libOpenGL.so  found components: OpenGL GLX 
[1.761s] -- Found MPI_C: /usr/lib/x86_64-linux-gnu/libmpi.so (found version "3.1") 
[1.761s] -- Found MPI: TRUE (found version "3.1") found components: C 
[1.765s] -- Found JsonCpp: /usr/lib/x86_64-linux-gnu/libjsoncpp.so (found suitable version "1.9.5", minimum required is "0.7.0") 
[1.778s] -- Found ZLIB: /usr/lib/x86_64-linux-gnu/libz.so (found version "1.3")  
[1.797s] -- Found PNG: /usr/lib/x86_64-linux-gnu/libpng.so (found version "1.6.43") 
[1.808s] -- Found Eigen3: /usr/include/eigen3 (found version "3.4.0") 
[1.936s] -- Found X11: /usr/include   
[1.937s] -- Looking for XOpenDisplay in /usr/lib/x86_64-linux-gnu/libX11.so;/usr/lib/x86_64-linux-gnu/libXext.so
[2.008s] -- Looking for XOpenDisplay in /usr/lib/x86_64-linux-gnu/libX11.so;/usr/lib/x86_64-linux-gnu/libXext.so - found
[2.008s] -- Looking for gethostbyname
[2.076s] -- Looking for gethostbyname - found
[2.076s] -- Looking for connect
[2.145s] -- Looking for connect - found
[2.145s] -- Looking for remove
[2.211s] -- Looking for remove - found
[2.211s] -- Looking for shmat
[2.279s] -- Looking for shmat - found
[2.279s] -- Looking for IceConnectionNumber in ICE
[2.349s] -- Looking for IceConnectionNumber in ICE - found
[2.455s] -- Found EXPAT: /usr/lib/x86_64-linux-gnu/libexpat.so (found version "2.6.1") 
[2.457s] -- Found double-conversion: /usr/lib/x86_64-linux-gnu/libdouble-conversion.so  
[2.460s] -- Found LZ4: /usr/lib/x86_64-linux-gnu/liblz4.so (found version "1.9.4") 
[2.461s] -- Found LZMA: /usr/lib/x86_64-linux-gnu/liblzma.so (found version "5.4.5") 
[2.472s] -- Found JPEG: /usr/lib/x86_64-linux-gnu/libjpeg.so (found version "80") 
[2.495s] -- Found TIFF: /usr/lib/x86_64-linux-gnu/libtiff.so (found version "4.5.1")  
[2.498s] -- Found Freetype: /usr/lib/x86_64-linux-gnu/libfreetype.so (found version "2.13.2") 
[2.503s] -- Found utf8cpp: /usr/include/utf8cpp  
[2.565s] -- Checking for module 'libusb-1.0'
[2.577s] --   Found libusb-1.0, version 1.0.27
[2.610s] -- Found libusb: /usr/lib/x86_64-linux-gnu/libusb-1.0.so  
[2.611s] -- Found OpenNI: /usr/lib/libOpenNI.so;libusb::libusb (found version "1.5.4.0") 
[2.611s] -- OpenNI found (version: 1.5.4.0, include: /usr/include/ni, lib: /usr/lib/libOpenNI.so;libusb::libusb)
[2.657s] -- Found OpenNI2: /usr/lib/x86_64-linux-gnu/libOpenNI2.so;libusb::libusb (found version "2.2.0.33") 
[2.658s] -- OpenNI2 found (version: 2.2.0.33, include: /usr/include/openni2, lib: /usr/lib/x86_64-linux-gnu/libOpenNI2.so;libusb::libusb)
[2.660s] [0m** WARNING ** io features related to pcap will be disabled[0m
[2.660s] -- Could NOT find Pcap (missing: PCAP_LIBRARIES PCAP_INCLUDE_DIRS) 
[3.049s] -- OpenNI found (version: 1.5.4.0, include: /usr/include/ni, lib: /usr/lib/libOpenNI.so;libusb::libusb)
[3.055s] -- OpenNI2 found (version: 2.2.0.33, include: /usr/include/openni2, lib: /usr/lib/x86_64-linux-gnu/libOpenNI2.so;libusb::libusb)
[3.389s] -- Found Qhull version 8.0.2
[3.725s] -- OpenNI found (version: 1.5.4.0, include: /usr/include/ni, lib: /usr/lib/libOpenNI.so;libusb::libusb)
[4.085s] -- looking for PCL_COMMON
[4.086s] -- Found PCL_COMMON: /usr/lib/x86_64-linux-gnu/libpcl_common.so  
[4.086s] -- looking for PCL_KDTREE
[4.087s] -- Found PCL_KDTREE: /usr/lib/x86_64-linux-gnu/libpcl_kdtree.so  
[4.087s] -- looking for PCL_OCTREE
[4.088s] -- Found PCL_OCTREE: /usr/lib/x86_64-linux-gnu/libpcl_octree.so  
[4.088s] -- looking for PCL_SEARCH
[4.089s] -- Found PCL_SEARCH: /usr/lib/x86_64-linux-gnu/libpcl_search.so  
[4.089s] -- looking for PCL_SAMPLE_CONSENSUS
[4.090s] -- Found PCL_SAMPLE_CONSENSUS: /usr/lib/x86_64-linux-gnu/libpcl_sample_consensus.so  
[4.090s] -- looking for PCL_FILTERS
[4.091s] -- Found PCL_FILTERS: /usr/lib/x86_64-linux-gnu/libpcl_filters.so  
[4.091s] -- looking for PCL_2D
[4.092s] -- Found PCL_2D: /usr/include/pcl-1.14  
[4.092s] -- looking for PCL_GEOMETRY
[4.092s] -- Found PCL_GEOMETRY: /usr/include/pcl-1.14  
[4.092s] -- looking for PCL_IO
[4.093s] -- Found PCL_IO: /usr/lib/x86_64-linux-gnu/libpcl_io.so  
[4.093s] -- looking for PCL_FEATURES
[4.094s] -- Found PCL_FEATURES: /usr/lib/x86_64-linux-gnu/libpcl_features.so  
[4.094s] -- looking for PCL_ML
[4.095s] -- Found PCL_ML: /usr/lib/x86_64-linux-gnu/libpcl_ml.so  
[4.095s] -- looking for PCL_SEGMENTATION
[4.096s] -- Found PCL_SEGMENTATION: /usr/lib/x86_64-linux-gnu/libpcl_segmentation.so  
[4.096s] -- looking for PCL_VISUALIZATION
[4.097s] -- Found PCL_VISUALIZATION: /usr/lib/x86_64-linux-gnu/libpcl_visualization.so  
[4.097s] -- looking for PCL_SURFACE
[4.098s] -- Found PCL_SURFACE: /usr/lib/x86_64-linux-gnu/libpcl_surface.so  
[4.098s] -- looking for PCL_REGISTRATION
[4.099s] -- Found PCL_REGISTRATION: /usr/lib/x86_64-linux-gnu/libpcl_registration.so  
[4.099s] -- looking for PCL_KEYPOINTS
[4.100s] -- Found PCL_KEYPOINTS: /usr/lib/x86_64-linux-gnu/libpcl_keypoints.so  
[4.100s] -- looking for PCL_TRACKING
[4.101s] -- Found PCL_TRACKING: /usr/lib/x86_64-linux-gnu/libpcl_tracking.so  
[4.101s] -- looking for PCL_RECOGNITION
[4.102s] -- Found PCL_RECOGNITION: /usr/lib/x86_64-linux-gnu/libpcl_recognition.so  
[4.103s] -- looking for PCL_STEREO
[4.103s] -- Found PCL_STEREO: /usr/lib/x86_64-linux-gnu/libpcl_stereo.so  
[4.104s] -- looking for PCL_APPS
[4.104s] -- Found PCL_APPS: /usr/lib/x86_64-linux-gnu/libpcl_apps.so  
[4.105s] -- looking for PCL_IN_HAND_SCANNER
[4.105s] -- Found PCL_IN_HAND_SCANNER: /usr/include/pcl-1.14  
[4.105s] -- looking for PCL_MODELER
[4.105s] -- Found PCL_MODELER: /usr/include/pcl-1.14  
[4.106s] -- looking for PCL_POINT_CLOUD_EDITOR
[4.106s] -- Found PCL_POINT_CLOUD_EDITOR: /usr/include/pcl-1.14  
[4.106s] -- looking for PCL_OUTOFCORE
[4.107s] -- Found PCL_OUTOFCORE: /usr/lib/x86_64-linux-gnu/libpcl_outofcore.so  
[4.107s] -- looking for PCL_PEOPLE
[4.108s] -- Found PCL_PEOPLE: /usr/lib/x86_64-linux-gnu/libpcl_people.so  
[4.109s] -- Found PCL: pcl_common;pcl_kdtree;pcl_octree;pcl_search;pcl_sample_consensus;pcl_filters;pcl_io;pcl_features;pcl_ml;pcl_segmentation;pcl_visualization;pcl_surface;pcl_registration;pcl_keypoints;pcl_tracking;pcl_recognition;pcl_stereo;pcl_apps;pcl_outofcore;pcl_people;Boost::system;Boost::filesystem;Boost::iostreams;Boost::serialization;/usr/lib/libOpenNI.so;libusb::libusb;/usr/lib/x86_64-linux-gnu/libOpenNI2.so;libusb::libusb;VTK::ChartsCore;VTK::CommonColor;VTK::CommonComputationalGeometry;VTK::CommonCore;VTK::CommonDataModel;VTK::CommonExecutionModel;VTK::CommonMath;VTK::CommonMisc;VTK::CommonTransforms;VTK::FiltersCore;VTK::FiltersExtraction;VTK::FiltersGeneral;VTK::FiltersGeometry;VTK::FiltersModeling;VTK::FiltersSources;VTK::ImagingCore;VTK::ImagingSources;VTK::InteractionImage;VTK::InteractionStyle;VTK::InteractionWidgets;VTK::IOCore;VTK::IOGeometry;VTK::IOImage;VTK::IOLegacy;VTK::IOPLY;VTK::RenderingAnnotation;VTK::RenderingCore;VTK::RenderingContext2D;VTK::RenderingLOD;VTK::RenderingFreeType;VTK::ViewsCore;VTK::ViewsContext2D;VTK::RenderingOpenGL2;VTK::RenderingContextOpenGL2;VTK::GUISupportQt;FLANN::FLANN;QHULL::QHULL  
[4.112s] -- Found pcl_conversions: 2.6.2 (/opt/ros/jazzy/share/pcl_conversions/cmake)
[4.171s] -- Found Boost: /usr/lib/x86_64-linux-gnu/cmake/Boost-1.83.0/BoostConfig.cmake (found suitable version "1.83.0", minimum required is "1.70") found components: serialization filesystem thread program_options date_time timer chrono regex 
[4.175s] -- Found Eigen3: TRUE (found version "3.4.0") 
[4.175s] -- GTSAM include directory:  /usr/local/lib/cmake/GTSAM/../../../include
[4.271s] -- Found OpenMP_C: -fopenmp (found version "4.5") 
[4.272s] -- Found OpenMP: TRUE (found version "4.5")  
[4.889s] -- Found ament_cmake_ros: 0.12.0 (/opt/ros/jazzy/share/ament_cmake_ros/cmake)
[5.386s] -- Using all available rosidl_typesupport_c: rosidl_typesupport_fastrtps_c;rosidl_typesupport_introspection_c
[5.979s] -- Using all available rosidl_typesupport_cpp: rosidl_typesupport_fastrtps_cpp;rosidl_typesupport_introspection_cpp
[5.982s] -- Found python_cmake_module: 0.11.1 (/opt/ros/jazzy/share/python_cmake_module/cmake)
[6.100s] -- Found PythonExtra: /usr/bin/python3  
[6.479s] -- Found Python3: /usr/bin/python3 (found version "3.12.3") found components: Interpreter Development NumPy Development.Module Development.Embed 
[6.662s] -- Found ament_lint_auto: 0.17.3 (/opt/ros/jazzy/share/ament_lint_auto/cmake)
[6.690s] -- Added test 'copyright' to check source files copyright and LICENSE
[6.693s] -- Added test 'cppcheck' to perform static code analysis on C / C++ code
[6.694s] -- Configured cppcheck include dirs: /home/skander/ros2_ws/src/LIO-SAM/include/lio_sam
[6.694s] -- Configured cppcheck exclude dirs and/or files: 
[6.697s] -- Added test 'cpplint' to check C / C++ code against the Google style
[6.697s] -- Configured cpplint exclude dirs and/or files: 
[6.698s] -- Added test 'flake8' to check Python code syntax and style conventions
[6.698s] -- Configured 'flake8' exclude dirs and/or files: 
[6.699s] -- Added test 'lint_cmake' to check CMake code style
[6.700s] -- Added test 'pep257' to check Python code against some of the docstring style conventions in PEP 257
[6.703s] -- Added test 'uncrustify' to check C / C++ code style
[6.703s] -- Configured uncrustify additional arguments: 
[6.704s] -- Added test 'xmllint' to check XML markup files
[6.707s] -- Configuring done (6.7s)
[6.841s] -- Generating done (0.1s)
[6.863s] -- Build files have been written to: /home/skander/ros2_ws/build/lio_sam
[6.883s] Invoked command in '/home/skander/ros2_ws/build/lio_sam' returned '0': CMAKE_PREFIX_PATH=${CMAKE_PREFIX_PATH}:/home/skander/slam_ws/install/slam_diagnostic:/home/skander/slam_ws/install/sim_utils:/home/skander/slam_ws/install/match_launch:/home/skander/slam_ws/install/match_control:/opt/ros/jazzy DEBUGINFOD_URLS=https://debuginfod.ubuntu.com /usr/bin/cmake /home/skander/ros2_ws/src/LIO-SAM -DAMENT_CMAKE_SYMLINK_INSTALL=1 -DCMAKE_INSTALL_PREFIX=/home/skander/ros2_ws/install/lio_sam
[6.885s] Invoking command in '/home/skander/ros2_ws/build/lio_sam': CMAKE_PREFIX_PATH=${CMAKE_PREFIX_PATH}:/home/skander/slam_ws/install/slam_diagnostic:/home/skander/slam_ws/install/sim_utils:/home/skander/slam_ws/install/match_launch:/home/skander/slam_ws/install/match_control:/opt/ros/jazzy DEBUGINFOD_URLS=https://debuginfod.ubuntu.com /usr/bin/cmake --build /home/skander/ros2_ws/build/lio_sam -- -j8 -l8
[6.938s] [  1%] [34m[1mGenerating type hashes for ROS interfaces[0m
[6.946s] [  1%] Built target ament_cmake_python_symlink_lio_sam
[7.126s] running egg_info
[7.127s] creating lio_sam.egg-info
[7.145s] writing lio_sam.egg-info/PKG-INFO
[7.145s] writing dependency_links to lio_sam.egg-info/dependency_links.txt
[7.145s] writing top-level names to lio_sam.egg-info/top_level.txt
[7.145s] writing manifest file 'lio_sam.egg-info/SOURCES.txt'
[7.162s] [  1%] Built target lio_sam__rosidl_generator_type_description
[7.170s] [  3%] [34m[1mGenerating C code for ROS interfaces[0m
[7.178s] [  5%] [34m[1mGenerating C++ code for ROS interfaces[0m
[7.196s] reading manifest file 'lio_sam.egg-info/SOURCES.txt'
[7.196s] writing manifest file 'lio_sam.egg-info/SOURCES.txt'
[7.224s] [  5%] Built target ament_cmake_python_build_lio_sam_egg
[7.522s] [  5%] Built target lio_sam__cpp
[7.575s] [ 15%] [32mBuilding C object CMakeFiles/lio_sam__rosidl_generator_c.dir/rosidl_generator_c/lio_sam/srv/detail/save_map__functions.c.o[0m
[7.575s] [ 15%] [32mBuilding C object CMakeFiles/lio_sam__rosidl_generator_c.dir/rosidl_generator_c/lio_sam/srv/detail/save_map__description.c.o[0m
[7.575s] [ 15%] [32mBuilding C object CMakeFiles/lio_sam__rosidl_generator_c.dir/rosidl_generator_c/lio_sam/msg/detail/cloud_info__description.c.o[0m
[7.575s] [ 15%] [32mBuilding C object CMakeFiles/lio_sam__rosidl_generator_c.dir/rosidl_generator_c/lio_sam/srv/detail/save_map__type_support.c.o[0m
[7.575s] [ 17%] [32mBuilding C object CMakeFiles/lio_sam__rosidl_generator_c.dir/rosidl_generator_c/lio_sam/msg/detail/cloud_info__functions.c.o[0m
[7.575s] [ 17%] [32mBuilding C object CMakeFiles/lio_sam__rosidl_generator_c.dir/rosidl_generator_c/lio_sam/msg/detail/cloud_info__type_support.c.o[0m
[7.731s] [ 19%] [32m[1mLinking C shared library liblio_sam__rosidl_generator_c.so[0m
[7.761s] [ 19%] Built target lio_sam__rosidl_generator_c
[7.770s] [ 21%] [34m[1mGenerating C++ type support dispatch for ROS interfaces[0m
[7.772s] [ 26%] [34m[1mGenerating C introspection for ROS interfaces[0m
[7.772s] [ 26%] [34m[1mGenerating C++ type support for eProsima Fast-RTPS[0m
[7.772s] [ 28%] [34m[1mGenerating C type support dispatch for ROS interfaces[0m
[7.772s] [ 28%] [34m[1mGenerating C type support for eProsima Fast-RTPS[0m
[7.772s] [ 30%] [34m[1mGenerating C++ introspection for ROS interfaces[0m
[8.165s] [ 32%] [32mBuilding C object CMakeFiles/lio_sam__rosidl_typesupport_introspection_c.dir/rosidl_typesupport_introspection_c/lio_sam/msg/detail/cloud_info__type_support.c.o[0m
[8.166s] [ 34%] [32mBuilding C object CMakeFiles/lio_sam__rosidl_typesupport_introspection_c.dir/rosidl_typesupport_introspection_c/lio_sam/srv/detail/save_map__type_support.c.o[0m
[8.222s] [ 36%] [32mBuilding CXX object CMakeFiles/lio_sam__rosidl_typesupport_cpp.dir/rosidl_typesupport_cpp/lio_sam/srv/save_map__type_support.cpp.o[0m
[8.230s] [ 38%] [32mBuilding CXX object CMakeFiles/lio_sam__rosidl_typesupport_cpp.dir/rosidl_typesupport_cpp/lio_sam/msg/cloud_info__type_support.cpp.o[0m
[8.258s] [ 40%] [32m[1mLinking C shared library liblio_sam__rosidl_typesupport_introspection_c.so[0m
[8.298s] [ 42%] [32mBuilding CXX object CMakeFiles/lio_sam__rosidl_typesupport_c.dir/rosidl_typesupport_c/lio_sam/srv/save_map__type_support.cpp.o[0m
[8.306s] [ 44%] [32mBuilding CXX object CMakeFiles/lio_sam__rosidl_typesupport_c.dir/rosidl_typesupport_c/lio_sam/msg/cloud_info__type_support.cpp.o[0m
[8.308s] [ 44%] Built target lio_sam__rosidl_typesupport_introspection_c
[8.375s] [ 46%] [32m[1mLinking CXX shared library liblio_sam__rosidl_typesupport_c.so[0m
[8.380s] [ 50%] [32mBuilding CXX object CMakeFiles/lio_sam__rosidl_typesupport_introspection_cpp.dir/rosidl_typesupport_introspection_cpp/lio_sam/msg/detail/cloud_info__type_support.cpp.o[0m
[8.380s] [ 50%] [32mBuilding CXX object CMakeFiles/lio_sam__rosidl_typesupport_fastrtps_cpp.dir/rosidl_typesupport_fastrtps_cpp/lio_sam/msg/detail/dds_fastrtps/cloud_info__type_support.cpp.o[0m
[8.380s] [ 51%] [32mBuilding CXX object CMakeFiles/lio_sam__rosidl_typesupport_introspection_cpp.dir/rosidl_typesupport_introspection_cpp/lio_sam/srv/detail/save_map__type_support.cpp.o[0m
[8.381s] [ 53%] [32mBuilding CXX object CMakeFiles/lio_sam__rosidl_typesupport_fastrtps_cpp.dir/rosidl_typesupport_fastrtps_cpp/lio_sam/srv/detail/dds_fastrtps/save_map__type_support.cpp.o[0m
[8.464s] [ 53%] Built target lio_sam__rosidl_typesupport_c
[8.513s] [ 55%] [32mBuilding CXX object CMakeFiles/lio_sam__rosidl_typesupport_fastrtps_c.dir/rosidl_typesupport_fastrtps_c/lio_sam/msg/detail/cloud_info__type_support_c.cpp.o[0m
[8.515s] [ 57%] [32mBuilding CXX object CMakeFiles/lio_sam__rosidl_typesupport_fastrtps_c.dir/rosidl_typesupport_fastrtps_c/lio_sam/srv/detail/save_map__type_support_c.cpp.o[0m
[8.818s] [ 59%] [32m[1mLinking CXX shared library liblio_sam__rosidl_typesupport_cpp.so[0m
[8.959s] [ 59%] Built target lio_sam__rosidl_typesupport_cpp
[9.007s] [ 61%] [32mBuilding CXX object CMakeFiles/lio_sam_featureExtraction.dir/src/featureExtraction.cpp.o[0m
[9.010s] [ 63%] [32mBuilding CXX object CMakeFiles/lio_sam_imageProjection.dir/src/imageProjection.cpp.o[0m
[9.119s] [ 65%] [32m[1mLinking CXX shared library liblio_sam__rosidl_typesupport_introspection_cpp.so[0m
[9.145s] [ 67%] [32mBuilding CXX object CMakeFiles/lio_sam_imuPreintegration.dir/src/imuPreintegration.cpp.o[0m
[9.237s] [ 67%] Built target lio_sam__rosidl_typesupport_introspection_cpp
[9.280s] [ 69%] [32mBuilding CXX object CMakeFiles/lio_sam_mapOptimization.dir/src/mapOptmization.cpp.o[0m
[9.365s] [ 71%] [32m[1mLinking CXX shared library liblio_sam__rosidl_typesupport_fastrtps_c.so[0m
[9.435s] [ 73%] [32m[1mLinking CXX shared library liblio_sam__rosidl_typesupport_fastrtps_cpp.so[0m
[9.460s] [ 73%] Built target lio_sam__rosidl_typesupport_fastrtps_c
[9.527s] [ 73%] Built target lio_sam__rosidl_typesupport_fastrtps_cpp
[9.549s] [ 73%] Built target lio_sam
[9.572s] [ 75%] [34m[1mGenerating Python code for ROS interfaces[0m
[10.252s] [ 75%] Built target lio_sam__py
[10.279s] [ 78%] [32mBuilding C object CMakeFiles/lio_sam__rosidl_generator_py.dir/rosidl_generator_py/lio_sam/msg/_cloud_info_s.c.o[0m
[10.280s] [ 78%] [32mBuilding C object CMakeFiles/lio_sam__rosidl_generator_py.dir/rosidl_generator_py/lio_sam/srv/_save_map_s.c.o[0m
[10.690s] [ 80%] [32m[1mLinking C shared library liblio_sam__rosidl_generator_py.so[0m
[10.751s] [ 80%] Built target lio_sam__rosidl_generator_py
[10.778s] [ 86%] [32mBuilding C object CMakeFiles/lio_sam_s__rosidl_typesupport_introspection_c.dir/rosidl_generator_py/lio_sam/_lio_sam_s.ep.rosidl_typesupport_introspection_c.c.o[0m
[10.778s] [ 86%] [32mBuilding C object CMakeFiles/lio_sam_s__rosidl_typesupport_fastrtps_c.dir/rosidl_generator_py/lio_sam/_lio_sam_s.ep.rosidl_typesupport_fastrtps_c.c.o[0m
[10.779s] [ 86%] [32mBuilding C object CMakeFiles/lio_sam_s__rosidl_typesupport_c.dir/rosidl_generator_py/lio_sam/_lio_sam_s.ep.rosidl_typesupport_c.c.o[0m
[10.946s] [ 88%] [32m[1mLinking C shared module rosidl_generator_py/lio_sam/lio_sam_s__rosidl_typesupport_introspection_c.so[0m
[10.981s] [ 90%] [32m[1mLinking C shared module rosidl_generator_py/lio_sam/lio_sam_s__rosidl_typesupport_c.so[0m
[10.997s] [ 92%] [32m[1mLinking C shared module rosidl_generator_py/lio_sam/lio_sam_s__rosidl_typesupport_fastrtps_c.so[0m
[11.002s] [ 92%] Built target lio_sam_s__rosidl_typesupport_introspection_c
[11.025s] [ 92%] Built target lio_sam_s__rosidl_typesupport_c
[11.036s] [ 92%] Built target lio_sam_s__rosidl_typesupport_fastrtps_c
[28.923s] [ 94%] [32m[1mLinking CXX executable lio_sam_featureExtraction[0m
[29.424s] [ 94%] Built target lio_sam_featureExtraction
[36.216s] [ 96%] [32m[1mLinking CXX executable lio_sam_imageProjection[0m
[36.723s] [ 96%] Built target lio_sam_imageProjection
[41.529s] [ 98%] [32m[1mLinking CXX executable lio_sam_imuPreintegration[0m
[42.161s] [ 98%] Built target lio_sam_imuPreintegration
[55.628s] [100%] [32m[1mLinking CXX executable lio_sam_mapOptimization[0m
[56.416s] [100%] Built target lio_sam_mapOptimization
[56.426s] Invoked command in '/home/skander/ros2_ws/build/lio_sam' returned '0': CMAKE_PREFIX_PATH=${CMAKE_PREFIX_PATH}:/home/skander/slam_ws/install/slam_diagnostic:/home/skander/slam_ws/install/sim_utils:/home/skander/slam_ws/install/match_launch:/home/skander/slam_ws/install/match_control:/opt/ros/jazzy DEBUGINFOD_URLS=https://debuginfod.ubuntu.com /usr/bin/cmake --build /home/skander/ros2_ws/build/lio_sam -- -j8 -l8
[56.433s] Invoking command in '/home/skander/ros2_ws/build/lio_sam': CMAKE_PREFIX_PATH=${CMAKE_PREFIX_PATH}:/home/skander/slam_ws/install/slam_diagnostic:/home/skander/slam_ws/install/sim_utils:/home/skander/slam_ws/install/match_launch:/home/skander/slam_ws/install/match_control:/opt/ros/jazzy DEBUGINFOD_URLS=https://debuginfod.ubuntu.com /usr/bin/cmake --install /home/skander/ros2_ws/build/lio_sam
[56.439s] -- Install configuration: "Release"
[56.439s] -- Execute custom install script
[56.440s] -- Symlinking: /home/skander/ros2_ws/install/lio_sam/share/ament_index/resource_index/rosidl_interfaces/lio_sam
[56.448s] -- Symlinking: /home/skander/ros2_ws/install/lio_sam/share/lio_sam/msg/CloudInfo.json
[56.456s] -- Symlinking: /home/skander/ros2_ws/install/lio_sam/share/lio_sam/srv/SaveMap.json
[56.465s] -- Symlinking: /home/skander/ros2_ws/install/lio_sam/include/lio_sam/lio_sam/msg/cloud_info.h
[56.471s] -- Symlinking: /home/skander/ros2_ws/install/lio_sam/include/lio_sam/lio_sam/msg/detail/cloud_info__functions.h
[56.477s] -- Symlinking: /home/skander/ros2_ws/install/lio_sam/include/lio_sam/lio_sam/msg/detail/cloud_info__struct.h
[56.486s] -- Symlinking: /home/skander/ros2_ws/install/lio_sam/include/lio_sam/lio_sam/msg/detail/cloud_info__type_support.h
[56.493s] -- Symlinking: /home/skander/ros2_ws/install/lio_sam/include/lio_sam/lio_sam/msg/rosidl_generator_c__visibility_control.h
[56.500s] -- Symlinking: /home/skander/ros2_ws/install/lio_sam/include/lio_sam/lio_sam/srv/detail/save_map__functions.h
[56.506s] -- Symlinking: /home/skander/ros2_ws/install/lio_sam/include/lio_sam/lio_sam/srv/detail/save_map__struct.h
[56.513s] -- Symlinking: /home/skander/ros2_ws/install/lio_sam/include/lio_sam/lio_sam/srv/detail/save_map__type_support.h
[56.519s] -- Symlinking: /home/skander/ros2_ws/install/lio_sam/include/lio_sam/lio_sam/srv/save_map.h
[56.526s] -- Symlinking: /home/skander/ros2_ws/install/lio_sam/share/lio_sam/environment/library_path.sh
[56.532s] -- Symlinking: /home/skander/ros2_ws/install/lio_sam/share/lio_sam/environment/library_path.dsv
[56.539s] -- Symlinking: /home/skander/ros2_ws/install/lio_sam/include/lio_sam/lio_sam/msg/detail/cloud_info__rosidl_typesupport_fastrtps_c.h
[56.545s] -- Symlinking: /home/skander/ros2_ws/install/lio_sam/include/lio_sam/lio_sam/msg/rosidl_typesupport_fastrtps_c__visibility_control.h
[56.552s] -- Symlinking: /home/skander/ros2_ws/install/lio_sam/include/lio_sam/lio_sam/srv/detail/save_map__rosidl_typesupport_fastrtps_c.h
[56.559s] -- Symlinking: /home/skander/ros2_ws/install/lio_sam/include/lio_sam/lio_sam/msg/detail/cloud_info__rosidl_typesupport_introspection_c.h
[56.565s] -- Symlinking: /home/skander/ros2_ws/install/lio_sam/include/lio_sam/lio_sam/msg/rosidl_typesupport_introspection_c__visibility_control.h
[56.571s] -- Symlinking: /home/skander/ros2_ws/install/lio_sam/include/lio_sam/lio_sam/srv/detail/save_map__rosidl_typesupport_introspection_c.h
[56.579s] -- Symlinking: /home/skander/ros2_ws/install/lio_sam/include/lio_sam/lio_sam/msg/cloud_info.hpp
[56.588s] -- Symlinking: /home/skander/ros2_ws/install/lio_sam/include/lio_sam/lio_sam/msg/detail/cloud_info__builder.hpp
[56.595s] -- Symlinking: /home/skander/ros2_ws/install/lio_sam/include/lio_sam/lio_sam/msg/detail/cloud_info__struct.hpp
[56.602s] -- Symlinking: /home/skander/ros2_ws/install/lio_sam/include/lio_sam/lio_sam/msg/detail/cloud_info__traits.hpp
[56.608s] -- Symlinking: /home/skander/ros2_ws/install/lio_sam/include/lio_sam/lio_sam/msg/detail/cloud_info__type_support.hpp
[56.614s] -- Symlinking: /home/skander/ros2_ws/install/lio_sam/include/lio_sam/lio_sam/msg/rosidl_generator_cpp__visibility_control.hpp
[56.621s] -- Symlinking: /home/skander/ros2_ws/install/lio_sam/include/lio_sam/lio_sam/srv/detail/save_map__builder.hpp
[56.627s] -- Symlinking: /home/skander/ros2_ws/install/lio_sam/include/lio_sam/lio_sam/srv/detail/save_map__struct.hpp
[56.634s] -- Symlinking: /home/skander/ros2_ws/install/lio_sam/include/lio_sam/lio_sam/srv/detail/save_map__traits.hpp
[56.640s] -- Symlinking: /home/skander/ros2_ws/install/lio_sam/include/lio_sam/lio_sam/srv/detail/save_map__type_support.hpp
[56.646s] -- Symlinking: /home/skander/ros2_ws/install/lio_sam/include/lio_sam/lio_sam/srv/save_map.hpp
[56.653s] -- Symlinking: /home/skander/ros2_ws/install/lio_sam/include/lio_sam/lio_sam/msg/detail/cloud_info__rosidl_typesupport_fastrtps_cpp.hpp
[56.660s] -- Symlinking: /home/skander/ros2_ws/install/lio_sam/include/lio_sam/lio_sam/msg/rosidl_typesupport_fastrtps_cpp__visibility_control.h
[56.666s] -- Symlinking: /home/skander/ros2_ws/install/lio_sam/include/lio_sam/lio_sam/srv/detail/save_map__rosidl_typesupport_fastrtps_cpp.hpp
[56.673s] -- Symlinking: /home/skander/ros2_ws/install/lio_sam/include/lio_sam/lio_sam/msg/detail/cloud_info__rosidl_typesupport_introspection_cpp.hpp
[56.679s] -- Symlinking: /home/skander/ros2_ws/install/lio_sam/include/lio_sam/lio_sam/srv/detail/save_map__rosidl_typesupport_introspection_cpp.hpp
[56.688s] -- Symlinking: /home/skander/ros2_ws/install/lio_sam/share/lio_sam/environment/pythonpath.sh
[56.695s] -- Symlinking: /home/skander/ros2_ws/install/lio_sam/share/lio_sam/environment/pythonpath.dsv
[56.701s] -- Symlinking: /home/skander/ros2_ws/install/lio_sam/lib/python3.12/site-packages/lio_sam-1.0.0-py3.12.egg-info/PKG-INFO
[56.708s] -- Symlinking: /home/skander/ros2_ws/install/lio_sam/lib/python3.12/site-packages/lio_sam-1.0.0-py3.12.egg-info/SOURCES.txt
[56.714s] -- Symlinking: /home/skander/ros2_ws/install/lio_sam/lib/python3.12/site-packages/lio_sam-1.0.0-py3.12.egg-info/dependency_links.txt
[56.720s] -- Symlinking: /home/skander/ros2_ws/install/lio_sam/lib/python3.12/site-packages/lio_sam-1.0.0-py3.12.egg-info/top_level.txt
[56.727s] -- Symlinking: /home/skander/ros2_ws/install/lio_sam/lib/python3.12/site-packages/lio_sam/__init__.py
[56.734s] -- Symlinking: /home/skander/ros2_ws/install/lio_sam/lib/python3.12/site-packages/lio_sam/_lio_sam_s.ep.rosidl_typesupport_c.c
[56.740s] -- Symlinking: /home/skander/ros2_ws/install/lio_sam/lib/python3.12/site-packages/lio_sam/_lio_sam_s.ep.rosidl_typesupport_fastrtps_c.c
[56.747s] -- Symlinking: /home/skander/ros2_ws/install/lio_sam/lib/python3.12/site-packages/lio_sam/_lio_sam_s.ep.rosidl_typesupport_introspection_c.c
[56.753s] -- Symlinking: /home/skander/ros2_ws/install/lio_sam/lib/python3.12/site-packages/lio_sam/lio_sam_s__rosidl_typesupport_c.so
[56.759s] -- Symlinking: /home/skander/ros2_ws/install/lio_sam/lib/python3.12/site-packages/lio_sam/lio_sam_s__rosidl_typesupport_fastrtps_c.so
[56.766s] -- Symlinking: /home/skander/ros2_ws/install/lio_sam/lib/python3.12/site-packages/lio_sam/lio_sam_s__rosidl_typesupport_introspection_c.so
[56.772s] -- Symlinking: /home/skander/ros2_ws/install/lio_sam/lib/python3.12/site-packages/lio_sam/msg/__init__.py
[56.779s] -- Symlinking: /home/skander/ros2_ws/install/lio_sam/lib/python3.12/site-packages/lio_sam/msg/_cloud_info.py
[56.787s] -- Symlinking: /home/skander/ros2_ws/install/lio_sam/lib/python3.12/site-packages/lio_sam/msg/_cloud_info_s.c
[56.794s] -- Symlinking: /home/skander/ros2_ws/install/lio_sam/lib/python3.12/site-packages/lio_sam/srv/__init__.py
[56.801s] -- Symlinking: /home/skander/ros2_ws/install/lio_sam/lib/python3.12/site-packages/lio_sam/srv/_save_map.py
[56.807s] -- Symlinking: /home/skander/ros2_ws/install/lio_sam/lib/python3.12/site-packages/lio_sam/srv/_save_map_s.c
[56.814s] -- Up-to-date symlink: /home/skander/ros2_ws/install/lio_sam/lib/python3.12/site-packages/lio_sam/lio_sam_s__rosidl_typesupport_fastrtps_c.so
[56.814s] -- Up-to-date symlink: /home/skander/ros2_ws/install/lio_sam/lib/python3.12/site-packages/lio_sam/lio_sam_s__rosidl_typesupport_introspection_c.so
[56.814s] -- Up-to-date symlink: /home/skander/ros2_ws/install/lio_sam/lib/python3.12/site-packages/lio_sam/lio_sam_s__rosidl_typesupport_c.so
[56.814s] -- Symlinking: /home/skander/ros2_ws/install/lio_sam/share/lio_sam/msg/CloudInfo.idl
[56.821s] -- Symlinking: /home/skander/ros2_ws/install/lio_sam/share/lio_sam/srv/SaveMap.idl
[56.827s] -- Symlinking: /home/skander/ros2_ws/install/lio_sam/share/lio_sam/msg/CloudInfo.msg
[56.834s] -- Symlinking: /home/skander/ros2_ws/install/lio_sam/share/lio_sam/srv/SaveMap.srv
[56.848s] -- Symlinking: /home/skander/ros2_ws/install/lio_sam/share/lio_sam//launch/run.launch.py
[56.855s] -- Symlinking: /home/skander/ros2_ws/install/lio_sam/share/lio_sam//config/doc/demo.gif
[56.861s] -- Symlinking: /home/skander/ros2_ws/install/lio_sam/share/lio_sam//config/doc/device-boat.png
[56.868s] -- Symlinking: /home/skander/ros2_ws/install/lio_sam/share/lio_sam//config/doc/device-hand-2.png
[56.874s] -- Symlinking: /home/skander/ros2_ws/install/lio_sam/share/lio_sam//config/doc/device-hand.png
[56.881s] -- Symlinking: /home/skander/ros2_ws/install/lio_sam/share/lio_sam//config/doc/device-jackal.png
[56.889s] -- Symlinking: /home/skander/ros2_ws/install/lio_sam/share/lio_sam//config/doc/gps-demo.gif
[56.896s] -- Symlinking: /home/skander/ros2_ws/install/lio_sam/share/lio_sam//config/doc/imu-debug.gif
[56.902s] -- Symlinking: /home/skander/ros2_ws/install/lio_sam/share/lio_sam//config/doc/imu-transform.png
[56.909s] -- Symlinking: /home/skander/ros2_ws/install/lio_sam/share/lio_sam//config/doc/kitti-demo.gif
[56.915s] -- Symlinking: /home/skander/ros2_ws/install/lio_sam/share/lio_sam//config/doc/kitti-map.png
[56.921s] -- Symlinking: /home/skander/ros2_ws/install/lio_sam/share/lio_sam//config/doc/kitti2bag/README.md
[56.928s] -- Symlinking: /home/skander/ros2_ws/install/lio_sam/share/lio_sam//config/doc/kitti2bag/kitti2bag.py
[56.934s] -- Symlinking: /home/skander/ros2_ws/install/lio_sam/share/lio_sam//config/doc/loop-closure-2.gif
[56.940s] -- Symlinking: /home/skander/ros2_ws/install/lio_sam/share/lio_sam//config/doc/loop-closure.gif
[56.947s] -- Symlinking: /home/skander/ros2_ws/install/lio_sam/share/lio_sam//config/doc/ouster-demo.gif
[56.953s] -- Symlinking: /home/skander/ros2_ws/install/lio_sam/share/lio_sam//config/doc/ouster-device.jpg
[56.959s] -- Symlinking: /home/skander/ros2_ws/install/lio_sam/share/lio_sam//config/doc/paper.pdf
[56.966s] -- Symlinking: /home/skander/ros2_ws/install/lio_sam/share/lio_sam//config/doc/system.png
[56.972s] -- Symlinking: /home/skander/ros2_ws/install/lio_sam/share/lio_sam//config/params.yaml
[56.978s] -- Symlinking: /home/skander/ros2_ws/install/lio_sam/share/lio_sam//config/robot.urdf.xacro
[56.987s] -- Symlinking: /home/skander/ros2_ws/install/lio_sam/share/lio_sam//config/rviz2.rviz
[56.994s] -- Symlinking: /home/skander/ros2_ws/install/lio_sam/lib/lio_sam/lio_sam_featureExtraction
[57.001s] -- Symlinking: /home/skander/ros2_ws/install/lio_sam/lib/lio_sam/lio_sam_imageProjection
[57.007s] -- Symlinking: /home/skander/ros2_ws/install/lio_sam/lib/lio_sam/lio_sam_imuPreintegration
[57.013s] -- Symlinking: /home/skander/ros2_ws/install/lio_sam/lib/lio_sam/lio_sam_mapOptimization
[57.027s] -- Symlinking: /home/skander/ros2_ws/install/lio_sam/include/lio_sam/utility.hpp
[57.036s] -- Symlinking: /home/skander/ros2_ws/install/lio_sam/share/ament_index/resource_index/package_run_dependencies/lio_sam
[57.042s] -- Symlinking: /home/skander/ros2_ws/install/lio_sam/share/ament_index/resource_index/parent_prefix_path/lio_sam
[57.049s] -- Symlinking: /home/skander/ros2_ws/install/lio_sam/share/lio_sam/environment/ament_prefix_path.sh
[57.055s] -- Symlinking: /home/skander/ros2_ws/install/lio_sam/share/lio_sam/environment/ament_prefix_path.dsv
[57.061s] -- Symlinking: /home/skander/ros2_ws/install/lio_sam/share/lio_sam/environment/path.sh
[57.068s] -- Symlinking: /home/skander/ros2_ws/install/lio_sam/share/lio_sam/environment/path.dsv
[57.074s] -- Symlinking: /home/skander/ros2_ws/install/lio_sam/share/lio_sam/local_setup.bash
[57.080s] -- Symlinking: /home/skander/ros2_ws/install/lio_sam/share/lio_sam/local_setup.sh
[57.089s] -- Symlinking: /home/skander/ros2_ws/install/lio_sam/share/lio_sam/local_setup.zsh
[57.096s] -- Symlinking: /home/skander/ros2_ws/install/lio_sam/share/lio_sam/local_setup.dsv
[57.103s] -- Symlinking: /home/skander/ros2_ws/install/lio_sam/share/lio_sam/package.dsv
[57.109s] -- Symlinking: /home/skander/ros2_ws/install/lio_sam/share/ament_index/resource_index/packages/lio_sam
[57.116s] -- Symlinking: /home/skander/ros2_ws/install/lio_sam/share/lio_sam/cmake/rosidl_cmake-extras.cmake
[57.122s] -- Symlinking: /home/skander/ros2_ws/install/lio_sam/share/lio_sam/cmake/ament_cmake_export_dependencies-extras.cmake
[57.129s] -- Symlinking: /home/skander/ros2_ws/install/lio_sam/share/lio_sam/cmake/ament_cmake_export_include_directories-extras.cmake
[57.135s] -- Symlinking: /home/skander/ros2_ws/install/lio_sam/share/lio_sam/cmake/ament_cmake_export_libraries-extras.cmake
[57.142s] -- Symlinking: /home/skander/ros2_ws/install/lio_sam/share/lio_sam/cmake/ament_cmake_export_targets-extras.cmake
[57.148s] -- Symlinking: /home/skander/ros2_ws/install/lio_sam/share/lio_sam/cmake/rosidl_cmake_export_typesupport_targets-extras.cmake
[57.155s] -- Symlinking: /home/skander/ros2_ws/install/lio_sam/share/lio_sam/cmake/rosidl_cmake_export_typesupport_libraries-extras.cmake
[57.161s] -- Symlinking: /home/skander/ros2_ws/install/lio_sam/share/lio_sam/cmake/lio_samConfig.cmake
[57.167s] -- Symlinking: /home/skander/ros2_ws/install/lio_sam/share/lio_sam/cmake/lio_samConfig-version.cmake
[57.174s] -- Symlinking: /home/skander/ros2_ws/install/lio_sam/share/lio_sam/package.xml
[57.180s] -- Installing: /home/skander/ros2_ws/install/lio_sam/lib/liblio_sam__rosidl_generator_c.so
[57.180s] -- Set non-toolchain portion of runtime path of "/home/skander/ros2_ws/install/lio_sam/lib/liblio_sam__rosidl_generator_c.so" to ""
[57.180s] -- Installing: /home/skander/ros2_ws/install/lio_sam/lib/liblio_sam__rosidl_typesupport_fastrtps_c.so
[57.180s] -- Set non-toolchain portion of runtime path of "/home/skander/ros2_ws/install/lio_sam/lib/liblio_sam__rosidl_typesupport_fastrtps_c.so" to ""
[57.180s] -- Installing: /home/skander/ros2_ws/install/lio_sam/lib/liblio_sam__rosidl_typesupport_introspection_c.so
[57.180s] -- Set non-toolchain portion of runtime path of "/home/skander/ros2_ws/install/lio_sam/lib/liblio_sam__rosidl_typesupport_introspection_c.so" to ""
[57.180s] -- Installing: /home/skander/ros2_ws/install/lio_sam/lib/liblio_sam__rosidl_typesupport_c.so
[57.181s] -- Set non-toolchain portion of runtime path of "/home/skander/ros2_ws/install/lio_sam/lib/liblio_sam__rosidl_typesupport_c.so" to ""
[57.181s] -- Installing: /home/skander/ros2_ws/install/lio_sam/lib/liblio_sam__rosidl_typesupport_fastrtps_cpp.so
[57.181s] -- Set non-toolchain portion of runtime path of "/home/skander/ros2_ws/install/lio_sam/lib/liblio_sam__rosidl_typesupport_fastrtps_cpp.so" to ""
[57.181s] -- Installing: /home/skander/ros2_ws/install/lio_sam/lib/liblio_sam__rosidl_typesupport_introspection_cpp.so
[57.181s] -- Set non-toolchain portion of runtime path of "/home/skander/ros2_ws/install/lio_sam/lib/liblio_sam__rosidl_typesupport_introspection_cpp.so" to ""
[57.181s] -- Installing: /home/skander/ros2_ws/install/lio_sam/lib/liblio_sam__rosidl_typesupport_cpp.so
[57.181s] -- Set non-toolchain portion of runtime path of "/home/skander/ros2_ws/install/lio_sam/lib/liblio_sam__rosidl_typesupport_cpp.so" to ""
[57.232s] Listing '/home/skander/ros2_ws/install/lio_sam/lib/python3.12/site-packages/lio_sam'...
[57.232s] Compiling '/home/skander/ros2_ws/install/lio_sam/lib/python3.12/site-packages/lio_sam/__init__.py'...
[57.232s] Listing '/home/skander/ros2_ws/install/lio_sam/lib/python3.12/site-packages/lio_sam/msg'...
[57.232s] Compiling '/home/skander/ros2_ws/install/lio_sam/lib/python3.12/site-packages/lio_sam/msg/__init__.py'...
[57.232s] Compiling '/home/skander/ros2_ws/install/lio_sam/lib/python3.12/site-packages/lio_sam/msg/_cloud_info.py'...
[57.232s] Listing '/home/skander/ros2_ws/install/lio_sam/lib/python3.12/site-packages/lio_sam/srv'...
[57.232s] Compiling '/home/skander/ros2_ws/install/lio_sam/lib/python3.12/site-packages/lio_sam/srv/__init__.py'...
[57.232s] Compiling '/home/skander/ros2_ws/install/lio_sam/lib/python3.12/site-packages/lio_sam/srv/_save_map.py'...
[57.235s] -- Installing: /home/skander/ros2_ws/install/lio_sam/lib/liblio_sam__rosidl_generator_py.so
[57.235s] -- Set non-toolchain portion of runtime path of "/home/skander/ros2_ws/install/lio_sam/lib/liblio_sam__rosidl_generator_py.so" to ""
[57.235s] -- Installing: /home/skander/ros2_ws/install/lio_sam/share/lio_sam/cmake/export_lio_sam__rosidl_generator_cExport.cmake
[57.235s] -- Installing: /home/skander/ros2_ws/install/lio_sam/share/lio_sam/cmake/export_lio_sam__rosidl_generator_cExport-release.cmake
[57.236s] -- Installing: /home/skander/ros2_ws/install/lio_sam/share/lio_sam/cmake/export_lio_sam__rosidl_typesupport_fastrtps_cExport.cmake
[57.236s] -- Installing: /home/skander/ros2_ws/install/lio_sam/share/lio_sam/cmake/export_lio_sam__rosidl_typesupport_fastrtps_cExport-release.cmake
[57.236s] -- Installing: /home/skander/ros2_ws/install/lio_sam/share/lio_sam/cmake/lio_sam__rosidl_typesupport_introspection_cExport.cmake
[57.236s] -- Installing: /home/skander/ros2_ws/install/lio_sam/share/lio_sam/cmake/lio_sam__rosidl_typesupport_introspection_cExport-release.cmake
[57.236s] -- Installing: /home/skander/ros2_ws/install/lio_sam/share/lio_sam/cmake/lio_sam__rosidl_typesupport_cExport.cmake
[57.236s] -- Installing: /home/skander/ros2_ws/install/lio_sam/share/lio_sam/cmake/lio_sam__rosidl_typesupport_cExport-release.cmake
[57.236s] -- Installing: /home/skander/ros2_ws/install/lio_sam/share/lio_sam/cmake/export_lio_sam__rosidl_generator_cppExport.cmake
[57.236s] -- Installing: /home/skander/ros2_ws/install/lio_sam/share/lio_sam/cmake/export_lio_sam__rosidl_typesupport_fastrtps_cppExport.cmake
[57.236s] -- Installing: /home/skander/ros2_ws/install/lio_sam/share/lio_sam/cmake/export_lio_sam__rosidl_typesupport_fastrtps_cppExport-release.cmake
[57.236s] -- Installing: /home/skander/ros2_ws/install/lio_sam/share/lio_sam/cmake/lio_sam__rosidl_typesupport_introspection_cppExport.cmake
[57.236s] -- Installing: /home/skander/ros2_ws/install/lio_sam/share/lio_sam/cmake/lio_sam__rosidl_typesupport_introspection_cppExport-release.cmake
[57.236s] -- Installing: /home/skander/ros2_ws/install/lio_sam/share/lio_sam/cmake/lio_sam__rosidl_typesupport_cppExport.cmake
[57.236s] -- Installing: /home/skander/ros2_ws/install/lio_sam/share/lio_sam/cmake/lio_sam__rosidl_typesupport_cppExport-release.cmake
[57.236s] -- Installing: /home/skander/ros2_ws/install/lio_sam/share/lio_sam/cmake/export_lio_sam__rosidl_generator_pyExport.cmake
[57.236s] -- Installing: /home/skander/ros2_ws/install/lio_sam/share/lio_sam/cmake/export_lio_sam__rosidl_generator_pyExport-release.cmake
[57.238s] Invoked command in '/home/skander/ros2_ws/build/lio_sam' returned '0': CMAKE_PREFIX_PATH=${CMAKE_PREFIX_PATH}:/home/skander/slam_ws/install/slam_diagnostic:/home/skander/slam_ws/install/sim_utils:/home/skander/slam_ws/install/match_launch:/home/skander/slam_ws/install/match_control:/opt/ros/jazzy DEBUGINFOD_URLS=https://debuginfod.ubuntu.com /usr/bin/cmake --install /home/skander/ros2_ws/build/lio_sam
