[0.007s] Invoking command in '/home/skander/ros2_ws/src/build/lio_sam': CMAKE_PREFIX_PATH=${CMAKE_PREFIX_PATH}:/home/skander/slam_ws/install/sim_utils:/home/skander/slam_ws/install/slam_diagnostic:/home/skander/slam_ws/install/match_launch:/home/skander/slam_ws/install/match_control:/opt/ros/jazzy DEBUGINFOD_URLS=https://debuginfod.ubuntu.com /usr/bin/cmake /home/skander/ros2_ws/src/LIO-SAM -DCMAKE_INSTALL_PREFIX=/home/skander/ros2_ws/src/install/lio_sam
[0.048s] -- The C compiler identification is GNU 13.3.0
[0.087s] -- The CXX compiler identification is GNU 13.3.0
[0.098s] -- Detecting C compiler ABI info
[0.165s] -- Detecting C compiler ABI info - done
[0.172s] -- Check for working C compiler: /usr/bin/cc - skipped
[0.172s] -- Detecting C compile features
[0.172s] -- Detecting C compile features - done
[0.179s] -- Detecting CXX compiler ABI info
[0.271s] -- Detecting CXX compiler ABI info - done
[0.277s] -- Check for working CXX compiler: /usr/bin/c++ - skipped
[0.278s] -- Detecting CXX compile features
[0.278s] -- Detecting CXX compile features - done
[0.281s] -- Found ament_cmake: 2.5.4 (/opt/ros/jazzy/share/ament_cmake/cmake)
[0.393s] -- Found Python3: /usr/bin/python3 (found version "3.12.3") found components: Interpreter 
[0.478s] -- Found rosidl_default_generators: 1.6.0 (/opt/ros/jazzy/share/rosidl_default_generators/cmake)
[0.485s] -- Using all available rosidl_typesupport_c: rosidl_typesupport_fastrtps_c;rosidl_typesupport_introspection_c
[0.532s] -- Using all available rosidl_typesupport_cpp: rosidl_typesupport_fastrtps_cpp;rosidl_typesupport_introspection_cpp
[0.569s] -- Found rosidl_adapter: 4.6.6 (/opt/ros/jazzy/share/rosidl_adapter/cmake)
[0.572s] -- Found rclcpp: 28.1.12 (/opt/ros/jazzy/share/rclcpp/cmake)
[0.636s] -- Found rmw_implementation_cmake: 7.3.2 (/opt/ros/jazzy/share/rmw_implementation_cmake/cmake)
[0.639s] -- Found rmw_fastrtps_cpp: 8.4.3 (/opt/ros/jazzy/share/rmw_fastrtps_cpp/cmake)
[0.699s] -- Found OpenSSL: /usr/lib/x86_64-linux-gnu/libcrypto.so (found version "3.0.13")  
[0.716s] -- Found FastRTPS: /opt/ros/jazzy/include (Required is at least version "2.13") 
[0.734s] -- Using RMW implementation 'rmw_fastrtps_cpp' as default
[0.791s] -- Found rclpy: 7.1.5 (/opt/ros/jazzy/share/rclpy/cmake)
[0.793s] -- Found cv_bridge: 4.1.0 (/opt/ros/jazzy/share/cv_bridge/cmake)
[0.849s] -- Found nav_msgs: 5.3.6 (/opt/ros/jazzy/share/nav_msgs/cmake)
[0.868s] -- Found visualization_msgs: 5.3.6 (/opt/ros/jazzy/share/visualization_msgs/cmake)
[0.890s] -- Found pcl_conversions: 2.6.2 (/opt/ros/jazzy/share/pcl_conversions/cmake)
[0.953s] [33mCMake Warning (dev) at /usr/lib/x86_64-linux-gnu/cmake/pcl/Modules/FindFLANN.cmake:45 (find_package):
[0.953s]   Policy CMP0144 is not set: find_package uses upper-case <PACKAGENAME>_ROOT
[0.953s]   variables.  Run "cmake --help-policy CMP0144" for policy details.  Use the
[0.953s]   cmake_policy command to set the policy and suppress this warning.
[0.953s] 
[0.953s]   CMake variable FLANN_ROOT is set to:
[0.953s] 
[0.953s]     /usr
[0.953s] 
[0.953s]   For compatibility, find_package is ignoring the variable, but code in a
[0.953s]   .cmake module might still use it.
[0.953s] Call Stack (most recent call first):
[0.953s]   /usr/lib/x86_64-linux-gnu/cmake/pcl/PCLConfig.cmake:261 (find_package)
[0.953s]   /usr/lib/x86_64-linux-gnu/cmake/pcl/PCLConfig.cmake:306 (find_flann)
[0.953s]   /usr/lib/x86_64-linux-gnu/cmake/pcl/PCLConfig.cmake:570 (find_external_library)
[0.953s]   /opt/ros/jazzy/share/pcl_conversions/cmake/ament_cmake_export_dependencies-extras.cmake:21 (find_package)
[0.953s]   /opt/ros/jazzy/share/pcl_conversions/cmake/pcl_conversionsConfig.cmake:41 (include)
[0.953s]   CMakeLists.txt:20 (find_package)
[0.953s] This warning is for project developers.  Use -Wno-dev to suppress it.
[0.953s] [0m
[0.954s] -- Found flann version 1.9.2
[1.220s] -- Found OpenMP_CXX: -fopenmp (found version "4.5") 
[1.220s] -- Found OpenMP: TRUE (found version "4.5") found components: CXX 
[2.244s] -- Checking for module 'libusb-1.0'
[2.255s] --   Found libusb-1.0, version 1.0.27
[2.282s] -- Found libusb: /usr/lib/x86_64-linux-gnu/libusb-1.0.so  
[2.283s] -- OpenNI found (version: 1.5.4.0, include: /usr/include/ni, lib: /usr/lib/libOpenNI.so;libusb::libusb)
[2.337s] -- OpenNI2 found (version: 2.2.0.33, include: /usr/include/openni2, lib: /usr/lib/x86_64-linux-gnu/libOpenNI2.so;libusb::libusb)
[2.340s] -- Could NOT find Pcap (missing: PCAP_LIBRARIES PCAP_INCLUDE_DIRS) 
[2.350s] -- Found ZLIB: /usr/lib/x86_64-linux-gnu/libz.so (found version "1.3")  
[2.364s] -- Found PNG: /usr/lib/x86_64-linux-gnu/libpng.so (found version "1.6.43") 
[2.670s] -- OpenNI found (version: 1.5.4.0, include: /usr/include/ni, lib: /usr/lib/libOpenNI.so;libusb::libusb)
[2.674s] -- OpenNI2 found (version: 2.2.0.33, include: /usr/include/openni2, lib: /usr/lib/x86_64-linux-gnu/libOpenNI2.so;libusb::libusb)
[2.974s] -- Found Qhull version 8.0.2
[3.285s] -- OpenNI found (version: 1.5.4.0, include: /usr/include/ni, lib: /usr/lib/libOpenNI.so;libusb::libusb)
[3.579s] -- Found PCL_COMMON: /usr/lib/x86_64-linux-gnu/libpcl_common.so  
[3.580s] -- Found PCL_KDTREE: /usr/lib/x86_64-linux-gnu/libpcl_kdtree.so  
[3.581s] -- Found PCL_OCTREE: /usr/lib/x86_64-linux-gnu/libpcl_octree.so  
[3.581s] -- Found PCL_SEARCH: /usr/lib/x86_64-linux-gnu/libpcl_search.so  
[3.582s] -- Found PCL_SAMPLE_CONSENSUS: /usr/lib/x86_64-linux-gnu/libpcl_sample_consensus.so  
[3.583s] -- Found PCL_FILTERS: /usr/lib/x86_64-linux-gnu/libpcl_filters.so  
[3.584s] -- Found PCL_2D: /usr/include/pcl-1.14  
[3.584s] -- Found PCL_GEOMETRY: /usr/include/pcl-1.14  
[3.585s] -- Found PCL_IO: /usr/lib/x86_64-linux-gnu/libpcl_io.so  
[3.586s] -- Found PCL_FEATURES: /usr/lib/x86_64-linux-gnu/libpcl_features.so  
[3.587s] -- Found PCL_ML: /usr/lib/x86_64-linux-gnu/libpcl_ml.so  
[3.587s] -- Found PCL_SEGMENTATION: /usr/lib/x86_64-linux-gnu/libpcl_segmentation.so  
[3.588s] -- Found PCL_VISUALIZATION: /usr/lib/x86_64-linux-gnu/libpcl_visualization.so  
[3.589s] -- Found PCL_SURFACE: /usr/lib/x86_64-linux-gnu/libpcl_surface.so  
[3.590s] -- Found PCL_REGISTRATION: /usr/lib/x86_64-linux-gnu/libpcl_registration.so  
[3.591s] -- Found PCL_KEYPOINTS: /usr/lib/x86_64-linux-gnu/libpcl_keypoints.so  
[3.592s] -- Found PCL_TRACKING: /usr/lib/x86_64-linux-gnu/libpcl_tracking.so  
[3.593s] -- Found PCL_RECOGNITION: /usr/lib/x86_64-linux-gnu/libpcl_recognition.so  
[3.594s] -- Found PCL_STEREO: /usr/lib/x86_64-linux-gnu/libpcl_stereo.so  
[3.595s] -- Found PCL_APPS: /usr/lib/x86_64-linux-gnu/libpcl_apps.so  
[3.595s] -- Found PCL_IN_HAND_SCANNER: /usr/include/pcl-1.14  
[3.595s] -- Found PCL_MODELER: /usr/include/pcl-1.14  
[3.596s] -- Found PCL_POINT_CLOUD_EDITOR: /usr/include/pcl-1.14  
[3.597s] -- Found PCL_OUTOFCORE: /usr/lib/x86_64-linux-gnu/libpcl_outofcore.so  
[3.598s] -- Found PCL_PEOPLE: /usr/lib/x86_64-linux-gnu/libpcl_people.so  
[3.602s] -- Found tf2: 0.36.14 (/opt/ros/jazzy/share/tf2/cmake)
[3.606s] -- Found tf2_geometry_msgs: 0.36.14 (/opt/ros/jazzy/share/tf2_geometry_msgs/cmake)
[3.617s] -- Found eigen3_cmake_module: 0.3.0 (/opt/ros/jazzy/share/eigen3_cmake_module/cmake)
[3.618s] -- Found Eigen3: TRUE (found version "3.4.0") 
[3.618s] -- Ensuring Eigen3 include directory is part of orocos-kdl CMake target
[3.713s] -- Found tf2_sensor_msgs: 0.36.14 (/opt/ros/jazzy/share/tf2_sensor_msgs/cmake)
[3.718s] -- Found tf2_eigen: 0.36.14 (/opt/ros/jazzy/share/tf2_eigen/cmake)
[3.723s] -- Found OpenCV: /usr (found version "4.6.0") 
[3.723s] [33mCMake Warning (dev) at CMakeLists.txt:29 (find_package):
[3.723s]   Policy CMP0074 is not set: find_package uses <PackageName>_ROOT variables.
[3.723s]   Run "cmake --help-policy CMP0074" for policy details.  Use the cmake_policy
[3.723s]   command to set the policy and suppress this warning.
[3.723s] 
[3.723s]   CMake variable PCL_ROOT is set to:
[3.723s] 
[3.723s]     /usr
[3.723s] 
[3.723s]   For compatibility, CMake is ignoring the variable.
[3.724s] This warning is for project developers.  Use -Wno-dev to suppress it.
[3.724s] [0m
[3.737s] [31mCMake Error at CMakeLists.txt:30 (find_package):
[3.737s]   By not providing "FindGTSAM.cmake" in CMAKE_MODULE_PATH this project has
[3.737s]   asked CMake to find a package configuration file provided by "GTSAM", but
[3.737s]   CMake did not find one.
[3.737s] 
[3.737s]   Could not find a package configuration file provided by "GTSAM" with any of
[3.737s]   the following names:
[3.737s] 
[3.737s]     GTSAMConfig.cmake
[3.737s]     gtsam-config.cmake
[3.737s] 
[3.737s]   Add the installation prefix of "GTSAM" to CMAKE_PREFIX_PATH or set
[3.737s]   "GTSAM_DIR" to a directory containing one of the above files.  If "GTSAM"
[3.738s]   provides a separate development package or SDK, be sure it has been
[3.738s]   installed.
[3.738s] 
[3.738s] [0m
[3.738s] -- Configuring incomplete, errors occurred!
[3.753s] Invoked command in '/home/skander/ros2_ws/src/build/lio_sam' returned '1': CMAKE_PREFIX_PATH=${CMAKE_PREFIX_PATH}:/home/skander/slam_ws/install/sim_utils:/home/skander/slam_ws/install/slam_diagnostic:/home/skander/slam_ws/install/match_launch:/home/skander/slam_ws/install/match_control:/opt/ros/jazzy DEBUGINFOD_URLS=https://debuginfod.ubuntu.com /usr/bin/cmake /home/skander/ros2_ws/src/LIO-SAM -DCMAKE_INSTALL_PREFIX=/home/skander/ros2_ws/src/install/lio_sam
